[TerminalIPythonApp] WARNING | Subcommand `ipython notebook` is deprecated and will be removed in future versions.
[TerminalIPythonApp] WARNING | You likely want to use `jupyter notebook` in the future
[I 10:33:17.612 NotebookApp] Writing notebook server cookie secret to /run/user/1000/jupyter/notebook_cookie_secret
[I 10:33:17.786 NotebookApp] Serving notebooks from local directory: /home/sigor/Develop/coursera/cmp4
[I 10:33:17.786 NotebookApp] The Jupyter Notebook is running at:
[I 10:33:17.786 NotebookApp] http://localhost:8888/?token=26b0203f0a8fc37a2f6085a00e12527cceec9b9d8a6060c7
[I 10:33:17.786 NotebookApp] Use Control-C to stop this server and shut down all kernels (twice to skip confirmation).
[C 10:33:17.787 NotebookApp] 
    
    Copy/paste this URL into your browser when you connect for the first time,
    to login with a token:
        http://localhost:8888/?token=26b0203f0a8fc37a2f6085a00e12527cceec9b9d8a6060c7
[I 10:33:18.515 NotebookApp] Accepting one-time-token-authenticated connection from 127.0.0.1
[I 10:33:38.025 NotebookApp] 302 GET / (127.0.0.1) 0.52ms
[W 10:33:38.028 NotebookApp] Clearing invalid/expired login cookie username-localhost-8888
[W 10:33:38.028 NotebookApp] Clearing invalid/expired login cookie username-localhost-8888
[I 10:33:38.029 NotebookApp] 302 GET /tree? (127.0.0.1) 1.36ms
[I 10:33:53.989 NotebookApp] 302 POST /login?next=%2Ftree%3F (127.0.0.1) 1.23ms
[I 10:34:30.093 NotebookApp] Kernel started: a665413f-4224-4bbd-821e-5a5e3ee1d2c5
[I 10:34:30.889 NotebookApp] Adapting to protocol v5.1 for kernel a665413f-4224-4bbd-821e-5a5e3ee1d2c5
[I 16:12:30.084 NotebookApp] Saving file at /w1/q3.ipynb
[I 16:14:30.075 NotebookApp] Saving file at /w1/q3.ipynb
[I 16:16:30.076 NotebookApp] Saving file at /w1/q3.ipynb
[I 16:18:30.080 NotebookApp] Saving file at /w1/q3.ipynb
[I 16:20:30.082 NotebookApp] Saving file at /w1/q3.ipynb
[I 16:24:30.080 NotebookApp] Saving file at /w1/q3.ipynb
[I 16:26:30.078 NotebookApp] Saving file at /w1/q3.ipynb
[I 16:28:30.077 NotebookApp] Saving file at /w1/q3.ipynb
[I 16:52:30.111 NotebookApp] Saving file at /w1/q3.ipynb
[I 17:00:30.106 NotebookApp] Saving file at /w1/q3.ipynb
[I 17:06:30.111 NotebookApp] Saving file at /w1/q3.ipynb
[I 17:08:30.104 NotebookApp] Saving file at /w1/q3.ipynb
[I 17:10:30.104 NotebookApp] Saving file at /w1/q3.ipynb
[I 17:12:30.105 NotebookApp] Saving file at /w1/q3.ipynb
[I 17:14:30.106 NotebookApp] Saving file at /w1/q3.ipynb
[I 17:16:30.106 NotebookApp] Saving file at /w1/q3.ipynb
[I 17:18:30.105 NotebookApp] Saving file at /w1/q3.ipynb
[I 17:20:30.106 NotebookApp] Saving file at /w1/q3.ipynb
[I 17:22:30.104 NotebookApp] Saving file at /w1/q3.ipynb
[I 17:24:30.107 NotebookApp] Saving file at /w1/q3.ipynb
[I 17:26:30.107 NotebookApp] Saving file at /w1/q3.ipynb
[I 17:30:30.105 NotebookApp] Saving file at /w1/q3.ipynb
[I 17:40:58.753 NotebookApp] Kernel started: aedc3f3c-235a-4106-a2bb-d5d73c5257b8
[I 17:40:59.211 NotebookApp] Adapting to protocol v5.1 for kernel aedc3f3c-235a-4106-a2bb-d5d73c5257b8
[I 17:42:30.112 NotebookApp] Saving file at /w1/q3.ipynb
[I 17:48:30.112 NotebookApp] Saving file at /w1/q3.ipynb
[I 17:50:30.113 NotebookApp] Saving file at /w1/q3.ipynb
[I 17:54:30.111 NotebookApp] Saving file at /w1/q3.ipynb
[I 17:58:30.107 NotebookApp] Saving file at /w1/q3.ipynb
[I 17:58:58.781 NotebookApp] Saving file at /w1/stat.hi2_test.ipynb
[I 18:00:30.114 NotebookApp] Saving file at /w1/q3.ipynb
[I 13:39:37.841 NotebookApp] Saving file at /w1/q3.ipynb
[I 13:39:48.896 NotebookApp] Saving file at /w1/q3.ipynb
[I 13:41:48.893 NotebookApp] Saving file at /w1/q3.ipynb
[I 13:43:48.901 NotebookApp] Saving file at /w1/q3.ipynb
[I 13:45:48.902 NotebookApp] Saving file at /w1/q3.ipynb
[I 13:47:48.898 NotebookApp] Saving file at /w1/q3.ipynb
[I 14:09:48.903 NotebookApp] Saving file at /w1/q3.ipynb
[I 14:11:48.898 NotebookApp] Saving file at /w1/q3.ipynb
[I 13:14:45.040 NotebookApp] Saving file at /w1/q3.ipynb
[I 13:18:45.031 NotebookApp] Saving file at /w1/q3.ipynb
[I 13:20:45.032 NotebookApp] Saving file at /w1/q3.ipynb
[I 13:22:45.029 NotebookApp] Saving file at /w1/q3.ipynb
[I 13:24:45.029 NotebookApp] Saving file at /w1/q3.ipynb
[I 14:18:45.048 NotebookApp] Saving file at /w1/q3.ipynb
[I 16:30:45.060 NotebookApp] Saving file at /w1/q3.ipynb
[I 16:34:45.051 NotebookApp] Saving file at /w1/q3.ipynb
[I 16:36:45.054 NotebookApp] Saving file at /w1/q3.ipynb
[I 16:38:45.050 NotebookApp] Saving file at /w1/q3.ipynb
[I 16:44:45.052 NotebookApp] Saving file at /w1/q3.ipynb
[I 16:46:45.053 NotebookApp] Saving file at /w1/q3.ipynb
[I 16:52:45.966 NotebookApp] Saving file at /w1/q3.ipynb
[I 17:06:45.977 NotebookApp] Saving file at /w1/q3.ipynb
[I 17:08:45.967 NotebookApp] Saving file at /w1/q3.ipynb
[I 17:12:45.972 NotebookApp] Saving file at /w1/q3.ipynb
[I 17:20:45.981 NotebookApp] Saving file at /w1/q3.ipynb
[I 17:40:45.991 NotebookApp] Saving file at /w1/q3.ipynb
[I 17:42:45.980 NotebookApp] Saving file at /w1/q3.ipynb
[I 17:44:45.976 NotebookApp] Saving file at /w1/q3.ipynb
[I 17:46:45.974 NotebookApp] Saving file at /w1/q3.ipynb
[I 17:48:45.974 NotebookApp] Saving file at /w1/q3.ipynb
[I 17:52:45.975 NotebookApp] Saving file at /w1/q3.ipynb
[I 17:54:45.975 NotebookApp] Saving file at /w1/q3.ipynb
[I 18:03:29.459 NotebookApp] Kernel started: 954bcdfd-feaa-4318-b614-cada93a6b906
[I 18:03:32.107 NotebookApp] Adapting to protocol v5.1 for kernel 954bcdfd-feaa-4318-b614-cada93a6b906
[I 13:10:22.312 NotebookApp] Saving file at /w1/q3.ipynb
[I 13:14:22.316 NotebookApp] Saving file at /w1/q3.ipynb
[I 14:58:22.321 NotebookApp] Saving file at /w1/q3.ipynb
[I 15:36:12.985 NotebookApp] Starting buffering for a665413f-4224-4bbd-821e-5a5e3ee1d2c5:e727689f07d24d9da4cf7b8c1df4c060
[I 15:36:15.803 NotebookApp] Starting buffering for aedc3f3c-235a-4106-a2bb-d5d73c5257b8:0b7d27782d694da1b8d1ce2b43217398
[I 15:36:17.376 NotebookApp] Starting buffering for 954bcdfd-feaa-4318-b614-cada93a6b906:f3670366430548f7a0dac86ac7db92c0
[I 15:36:27.007 NotebookApp] Kernel shutdown: a665413f-4224-4bbd-821e-5a5e3ee1d2c5
[I 15:36:27.310 NotebookApp] Kernel shutdown: aedc3f3c-235a-4106-a2bb-d5d73c5257b8
[I 15:36:27.515 NotebookApp] Kernel shutdown: 954bcdfd-feaa-4318-b614-cada93a6b906
